<?xml version="1.0" encoding="UTF-8"?>
<!-- Generated by org.testng.reporters.JUnitReportReporter -->
<testsuite skipped="0" hostname="IN5CG6493ZW4" name="jenkins.Jenkinsmaven" tests="1" failures="0" timestamp="2020-01-20T12:11:15 IST" time="27.708" errors="0">
  <testcase name="faceBook" time="27.708" classname="jenkins.Jenkinsmaven"/>
</testsuite> <!-- jenkins.Jenkinsmaven -->
